<?xml version="1.0" encoding="UTF-8"?>
<testng-results skipped="0" failed="1" total="2" passed="1">
  <reporter-output>
  </reporter-output>
  <suite name="Default suite" duration-ms="228998" started-at="2018-02-26T09:17:49Z" finished-at="2018-02-26T09:21:38Z">
    <groups>
    </groups>
    <test name="Default test" duration-ms="228998" started-at="2018-02-26T09:17:49Z" finished-at="2018-02-26T09:21:38Z">
      <class name="Practice.Practice.SnapShot">
        <test-method status="PASS" signature="startup()[pri:0, instance:Practice.Practice.SnapShot@724af044]" name="startup" duration-ms="228934" started-at="2018-02-26T14:47:49Z" finished-at="2018-02-26T14:51:38Z">
          <reporter-output>
          </reporter-output>
        </test-method> <!-- startup -->
        <test-method status="FAIL" signature="takesnapshot(org.openqa.selenium.WebDriver, java.lang.String)[pri:0, instance:Practice.Practice.SnapShot@724af044]" name="takesnapshot" duration-ms="0" started-at="2018-02-26T14:51:38Z" finished-at="2018-02-26T14:51:38Z">
          <exception class="org.testng.TestNGException">
            <message>
              <![CDATA[
Method takesnapshot requires 2 parameters but 0 were supplied in the @Test annotation.]]>
            </message>
            <full-stacktrace>
              <![CDATA[org.testng.TestNGException: 
Method takesnapshot requires 2 parameters but 0 were supplied in the @Test annotation.
	at org.testng.internal.Parameters.checkParameterTypes(Parameters.java:198)
	at org.testng.internal.Parameters.createParameters(Parameters.java:134)
	at org.testng.internal.Parameters.createParameters(Parameters.java:370)
	at org.testng.internal.Parameters.handleParameters(Parameters.java:447)
	at org.testng.internal.Invoker.handleParameters(Invoker.java:1383)
	at org.testng.internal.Invoker.createParameters(Invoker.java:1075)
	at org.testng.internal.Invoker.invokeTestMethods(Invoker.java:1180)
	at org.testng.internal.TestMethodWorker.invokeTestMethods(TestMethodWorker.java:127)
	at org.testng.internal.TestMethodWorker.run(TestMethodWorker.java:111)
	at org.testng.TestRunner.privateRun(TestRunner.java:767)
	at org.testng.TestRunner.run(TestRunner.java:617)
	at org.testng.SuiteRunner.runTest(SuiteRunner.java:334)
	at org.testng.SuiteRunner.runSequentially(SuiteRunner.java:329)
	at org.testng.SuiteRunner.privateRun(SuiteRunner.java:291)
	at org.testng.SuiteRunner.run(SuiteRunner.java:240)
	at org.testng.SuiteRunnerWorker.runSuite(SuiteRunnerWorker.java:52)
	at org.testng.SuiteRunnerWorker.run(SuiteRunnerWorker.java:86)
	at org.testng.TestNG.runSuitesSequentially(TestNG.java:1198)
	at org.testng.TestNG.runSuitesLocally(TestNG.java:1123)
	at org.testng.TestNG.run(TestNG.java:1031)
	at org.testng.remote.AbstractRemoteTestNG.run(AbstractRemoteTestNG.java:114)
	at org.testng.remote.RemoteTestNG.initAndRun(RemoteTestNG.java:251)
	at org.testng.remote.RemoteTestNG.main(RemoteTestNG.java:77)
]]>
            </full-stacktrace>
          </exception> <!-- org.testng.TestNGException -->
          <reporter-output>
          </reporter-output>
        </test-method> <!-- takesnapshot -->
      </class> <!-- Practice.Practice.SnapShot -->
    </test> <!-- Default test -->
  </suite> <!-- Default suite -->
</testng-results>
