<?xml version="1.0" encoding="UTF-8"?>
<!-- Generated by org.testng.reporters.JUnitXMLReporter -->
<testsuite hostname="CPU0021" name="test" tests="2" failures="1" timestamp="23 Mar 2018 12:22:51 GMT" time="0.076" errors="0">
  <testcase name="test1" time="0.024" classname="Listeners.ListnerClass1"/>
  <testcase name="test2" time="0.007" classname="Listeners.ListnerClass1">
    <failure type="java.lang.AssertionError" message="expected [Bye] but found [Hii]">
      <![CDATA[java.lang.AssertionError: expected [Bye] but found [Hii]
	at Listeners.ListnerClass1.test2(ListnerClass1.java:17)
... Removed 29 stack frames]]>
    </failure>
  </testcase> <!-- test2 -->
</testsuite> <!-- test -->
