<?xml version="1.0" encoding="UTF-8"?>
<!-- Generated by org.testng.reporters.JUnitXMLReporter -->
<testsuite hostname="CPU0021" name="EdgeTest" tests="1" failures="0" timestamp="13 Jun 2017 08:20:05 GMT" time="0.032" errors="0">
  <testcase name="@BeforeTest setup" time="0.0" classname="SeleniumGrid.SeleniumGrid.CrossBrowserTesting">
    <failure type="java.lang.IllegalStateException" message="The driver executable does not exist: C:\Users\thinksysuser\Desktop\Automation soft\MicrosoftWebDriver.exe">
      <![CDATA[java.lang.IllegalStateException: The driver executable does not exist: C:\Users\thinksysuser\Desktop\Automation soft\MicrosoftWebDriver.exe
	at com.google.common.base.Preconditions.checkState(Preconditions.java:518)
	at org.openqa.selenium.remote.service.DriverService.checkExecutable(DriverService.java:136)
	at org.openqa.selenium.remote.service.DriverService.findExecutable(DriverService.java:131)
	at org.openqa.selenium.edge.EdgeDriverService.access$000(EdgeDriverService.java:33)
	at org.openqa.selenium.edge.EdgeDriverService$Builder.findDefaultExecutable(EdgeDriverService.java:63)
	at org.openqa.selenium.remote.service.DriverService$Builder.build(DriverService.java:330)
	at org.openqa.selenium.edge.EdgeDriverService.createDefaultService(EdgeDriverService.java:55)
	at org.openqa.selenium.edge.EdgeDriver.<init>(EdgeDriver.java:96)
	at SeleniumGrid.SeleniumGrid.CrossBrowserTesting.setup(CrossBrowserTesting.java:45)
	at java.util.concurrent.FutureTask.run(Unknown Source)
	at java.util.concurrent.ThreadPoolExecutor.runWorker(Unknown Source)
	at java.util.concurrent.ThreadPoolExecutor$Worker.run(Unknown Source)
	at java.lang.Thread.run(Unknown Source)
... Removed 14 stack frames]]>
    </failure>
  </testcase> <!-- @BeforeTest setup -->
  <testcase name="testParameterWithXML" time="0.005" classname="SeleniumGrid.SeleniumGrid.CrossBrowserTesting">
    <skipped/>
  </testcase> <!-- testParameterWithXML -->
</testsuite> <!-- EdgeTest -->
