<?xml version="1.0" encoding="UTF-8"?>
<testng-results skipped="0" failed="0" total="2" passed="2">
  <reporter-output>
  </reporter-output>
  <suite name="MultiBrowser" duration-ms="28738" started-at="2016-09-21T09:21:51Z" finished-at="2016-09-21T09:22:19Z">
    <groups>
    </groups>
    <test name="IE browser" duration-ms="22659" started-at="2016-09-21T09:21:51Z" finished-at="2016-09-21T09:22:13Z">
      <class name="TestNG.Multiplebrowsers">
        <test-method status="PASS" signature="beforeTest(java.lang.String)[pri:0, instance:TestNG.Multiplebrowsers@59fa1d9b]" name="beforeTest" is-config="true" duration-ms="20721" started-at="2016-09-21T14:51:51Z" finished-at="2016-09-21T14:52:11Z">
          <params>
            <param index="0">
              <value>
                <![CDATA[firefox]]>
              </value>
            </param>
          </params>
          <reporter-output>
          </reporter-output>
        </test-method> <!-- beforeTest -->
        <test-method status="PASS" signature="login()[pri:0, instance:TestNG.Multiplebrowsers@59fa1d9b]" name="login" duration-ms="1161" started-at="2016-09-21T14:52:11Z" finished-at="2016-09-21T14:52:13Z">
          <reporter-output>
          </reporter-output>
        </test-method> <!-- login -->
        <test-method status="PASS" signature="afterTest()[pri:0, instance:TestNG.Multiplebrowsers@59fa1d9b]" name="afterTest" is-config="true" duration-ms="754" started-at="2016-09-21T14:52:13Z" finished-at="2016-09-21T14:52:13Z">
          <reporter-output>
          </reporter-output>
        </test-method> <!-- afterTest -->
      </class> <!-- TestNG.Multiplebrowsers -->
    </test> <!-- IE browser -->
    <test name="FF browser" duration-ms="6030" started-at="2016-09-21T09:22:13Z" finished-at="2016-09-21T09:22:19Z">
      <class name="TestNG.Multiplebrowsers">
        <test-method status="PASS" signature="beforeTest(java.lang.String)[pri:0, instance:TestNG.Multiplebrowsers@604ed9f0]" name="beforeTest" is-config="true" duration-ms="4145" started-at="2016-09-21T14:52:13Z" finished-at="2016-09-21T14:52:18Z">
          <params>
            <param index="0">
              <value>
                <![CDATA[ie]]>
              </value>
            </param>
          </params>
          <reporter-output>
          </reporter-output>
        </test-method> <!-- beforeTest -->
        <test-method status="PASS" signature="login()[pri:0, instance:TestNG.Multiplebrowsers@604ed9f0]" name="login" duration-ms="1201" started-at="2016-09-21T14:52:18Z" finished-at="2016-09-21T14:52:19Z">
          <reporter-output>
          </reporter-output>
        </test-method> <!-- login -->
        <test-method status="PASS" signature="afterTest()[pri:0, instance:TestNG.Multiplebrowsers@604ed9f0]" name="afterTest" is-config="true" duration-ms="680" started-at="2016-09-21T14:52:19Z" finished-at="2016-09-21T14:52:19Z">
          <reporter-output>
          </reporter-output>
        </test-method> <!-- afterTest -->
      </class> <!-- TestNG.Multiplebrowsers -->
    </test> <!-- FF browser -->
  </suite> <!-- MultiBrowser -->
</testng-results>
